[0mGET / [32m200[0m 87.710 ms - 5321[0m
[0mGET /js/home_post_comments.js [33m404[0m 14.619 ms - 163[0m
[0mGET /js/home_posts.js [33m404[0m 5.559 ms - 155[0m
[0mGET /js/toggle_likes.js [33m404[0m 5.432 ms - 157[0m
[0mGET /js/chat_engine.js [33m404[0m 2.953 ms - 156[0m
[0mGET /js/home_post_comments.js [33m404[0m 2.748 ms - 163[0m
[0mGET /js/home_posts.js [33m404[0m 2.380 ms - 155[0m
[0mGET /js/toggle_likes.js [33m404[0m 2.252 ms - 157[0m
[0mGET /js/chat_engine.js [33m404[0m 3.006 ms - 156[0m
[0mGET /favicon.ico [33m404[0m 5.058 ms - 150[0m
[0mGET / [32m200[0m 75.156 ms - 5313[0m
[0mGET /js/home_post_comments.js [33m404[0m 32.079 ms - 163[0m
[0mGET /js/home_posts.js [33m404[0m 31.858 ms - 155[0m
[0mGET /js/chat_engine.js [33m404[0m 23.570 ms - 156[0m
[0mGET /js/toggle_likes.js [33m404[0m 23.988 ms - 157[0m
[0mGET /js/home_post_comments.js [33m404[0m 35.555 ms - 163[0m
[0mGET /js/home_posts.js [33m404[0m 2.538 ms - 155[0m
[0mGET /js/toggle_likes.js [33m404[0m 6.920 ms - 157[0m
[0mGET /js/chat_engine.js [33m404[0m 3.736 ms - 156[0m
[0mGET / [36m304[0m 23.613 ms - -[0m
[0mGET /js/home_post_comments.js [33m404[0m 19.408 ms - 163[0m
[0mGET /js/toggle_likes.js [33m404[0m 23.428 ms - 157[0m
[0mGET /js/chat_engine.js [33m404[0m 24.433 ms - 156[0m
[0mGET /css/layout.css [33m404[0m 10.007 ms - 153[0m
[0mGET /js/home_posts.js [33m404[0m 7.046 ms - 155[0m
[0mGET /css/header.css [33m404[0m 7.274 ms - 153[0m
[0mGET /css/footer.css [33m404[0m 18.974 ms - 153[0m
[0mGET /css/home.css [33m404[0m 8.677 ms - 151[0m
[0mGET /css/chat_box.css [33m404[0m 15.580 ms - 155[0m
[0mGET /js/home_posts.js [33m404[0m 3.232 ms - 155[0m
[0mGET /js/toggle_likes.js [33m404[0m 3.595 ms - 157[0m
[0mGET /js/chat_engine.js [33m404[0m 2.462 ms - 156[0m
[0mGET / [36m304[0m 25.858 ms - -[0m
[0mGET /js/home_post_comments.js [33m404[0m 4.280 ms - 163[0m
[0mGET /css/header.css [33m404[0m 4.186 ms - 153[0m
[0mGET /css/layout.css [33m404[0m 9.177 ms - 153[0m
[0mGET /css/home.css [33m404[0m 13.363 ms - 151[0m
[0mGET /css/footer.css [33m404[0m 13.671 ms - 153[0m
[0mGET /css/chat_box.css [33m404[0m 17.999 ms - 155[0m
[0mGET /js/home_posts.js [33m404[0m 16.010 ms - 155[0m
[0mGET /js/toggle_likes.js [33m404[0m 8.694 ms - 157[0m
[0mGET /js/chat_engine.js [33m404[0m 9.765 ms - 156[0m
[0mGET /users/sign-in [32m200[0m 8.581 ms - 2192[0m
[0mGET /users/css/layout.css [33m404[0m 5.276 ms - 159[0m
[0mGET /users/css/header.css [33m404[0m 4.786 ms - 159[0m
[0mGET /users/css/footer.css [33m404[0m 6.869 ms - 159[0m
[0mGET /users/sign-up [32m200[0m 9.808 ms - 2350[0m
[0mGET /users/css/layout.css [33m404[0m 4.064 ms - 159[0m
[0mGET /users/css/header.css [33m404[0m 7.310 ms - 159[0m
[0mGET /users/css/footer.css [33m404[0m 5.726 ms - 159[0m
[0mGET /users/sign-in [36m304[0m 9.767 ms - -[0m
[0mGET /users/css/header.css [33m404[0m 8.340 ms - 159[0m
[0mGET /users/css/layout.css [33m404[0m 6.846 ms - 159[0m
[0mGET /users/css/footer.css [33m404[0m 7.342 ms - 159[0m
[0mGET /users/sign-up [36m304[0m 9.848 ms - -[0m
[0mGET /users/css/layout.css [33m404[0m 3.960 ms - 159[0m
[0mGET /users/css/header.css [33m404[0m 4.527 ms - 159[0m
[0mGET /users/css/footer.css [33m404[0m 5.914 ms - 159[0m
[0mGET / [36m304[0m 24.202 ms - -[0m
[0mGET /js/home_post_comments.js [33m404[0m 3.610 ms - 163[0m
[0mGET /css/header.css [33m404[0m 13.880 ms - 153[0m
[0mGET /css/home.css [33m404[0m 13.980 ms - 151[0m
[0mGET /css/layout.css [33m404[0m 13.768 ms - 153[0m
[0mGET /css/footer.css [33m404[0m 13.551 ms - 153[0m
[0mGET /css/chat_box.css [33m404[0m 13.731 ms - 155[0m
[0mGET /js/home_posts.js [33m404[0m 8.329 ms - 155[0m
[0mGET /js/toggle_likes.js [33m404[0m 12.324 ms - 157[0m
[0mGET /js/chat_engine.js [33m404[0m 4.575 ms - 156[0m
[0mGET /users/sign-in [36m304[0m 8.818 ms - -[0m
[0mGET /users/css/layout.css [33m404[0m 5.048 ms - 159[0m
[0mGET /users/css/header.css [33m404[0m 6.403 ms - 159[0m
[0mGET /users/css/footer.css [33m404[0m 7.373 ms - 159[0m
[0mPOST /users/create-session [36m302[0m 24.052 ms - 46[0m
[0mGET / [32m200[0m 20.836 ms - 7390[0m
[0mGET /js/home_posts.js [33m404[0m 21.420 ms - 155[0m
[0mGET /css/layout.css [33m404[0m 22.086 ms - 153[0m
[0mGET /css/header.css [33m404[0m 16.858 ms - 153[0m
[0mGET /css/footer.css [33m404[0m 23.679 ms - 153[0m
[0mGET /css/chat_box.css [33m404[0m 23.782 ms - 155[0m
[0mGET /css/home.css [33m404[0m 24.955 ms - 151[0m
[0mGET /js/toggle_likes.js [33m404[0m 21.656 ms - 157[0m
[0mGET /js/home_post_comments.js [33m404[0m 23.130 ms - 163[0m
[0mGET /js/chat_engine.js [33m404[0m 23.508 ms - 156[0m
[0mGET /js/home_posts.js [33m404[0m 4.704 ms - 155[0m
[0mGET /js/toggle_likes.js [33m404[0m 4.896 ms - 157[0m
[0mGET /js/chat_engine.js [33m404[0m 3.422 ms - 156[0m
[0mGET / [32m200[0m 19.942 ms - 7098[0m
[0mGET /js/home_post_comments.js [33m404[0m 20.104 ms - 163[0m
[0mGET /css/layout.css [33m404[0m 19.157 ms - 153[0m
[0mGET /css/home.css [33m404[0m 18.891 ms - 151[0m
[0mGET /css/header.css [33m404[0m 18.897 ms - 153[0m
[0mGET /css/footer.css [33m404[0m 23.606 ms - 153[0m
[0mGET /css/chat_box.css [33m404[0m 24.611 ms - 155[0m
[0mGET /js/home_posts.js [33m404[0m 18.006 ms - 155[0m
[0mGET /js/chat_engine.js [33m404[0m 15.039 ms - 156[0m
[0mGET /js/toggle_likes.js [33m404[0m 23.583 ms - 157[0m
[0mGET /js/chat_engine.js [33m404[0m 5.703 ms - 156[0m
[0mGET / [36m304[0m 20.323 ms - -[0m
[0mGET /js/home_post_comments.js [33m404[0m 19.954 ms - 163[0m
[0mGET /css/layout.css [33m404[0m 18.319 ms - 153[0m
[0mGET /css/footer.css [33m404[0m 18.255 ms - 153[0m
[0mGET /css/home.css [33m404[0m 18.708 ms - 151[0m
[0mGET /css/chat_box.css [33m404[0m 21.048 ms - 155[0m
[0mGET /css/header.css [33m404[0m 21.345 ms - 153[0m
[0mGET /js/home_posts.js [33m404[0m 17.179 ms - 155[0m
[0mGET /js/toggle_likes.js [33m404[0m 14.590 ms - 157[0m
[0mGET /js/chat_engine.js [33m404[0m 15.866 ms - 156[0m
[0mGET / [36m304[0m 19.220 ms - -[0m
[0mGET /js/home_post_comments.js [33m404[0m 19.803 ms - 163[0m
[0mGET /css/header.css [33m404[0m 18.134 ms - 153[0m
[0mGET /css/home.css [33m404[0m 23.979 ms - 151[0m
[0mGET /css/layout.css [33m404[0m 22.139 ms - 153[0m
[0mGET /css/chat_box.css [33m404[0m 22.280 ms - 155[0m
[0mGET /css/footer.css [33m404[0m 27.889 ms - 153[0m
[0mGET /js/home_posts.js [33m404[0m 26.889 ms - 155[0m
[0mGET /js/toggle_likes.js [33m404[0m 18.872 ms - 157[0m
[0mGET /js/chat_engine.js [33m404[0m 15.716 ms - 156[0m
[0mGET / [36m304[0m 19.144 ms - -[0m
[0mGET /js/home_post_comments.js [33m404[0m 19.097 ms - 163[0m
[0mGET /css/layout.css [33m404[0m 18.589 ms - 153[0m
[0mGET /css/header.css [33m404[0m 16.504 ms - 153[0m
[0mGET /css/footer.css [33m404[0m 16.883 ms - 153[0m
[0mGET /css/home.css [33m404[0m 25.696 ms - 151[0m
[0mGET /css/chat_box.css [33m404[0m 27.411 ms - 155[0m
[0mGET /js/toggle_likes.js [33m404[0m 11.833 ms - 157[0m
[0mGET /js/home_posts.js [33m404[0m 12.623 ms - 155[0m
[0mGET /js/chat_engine.js [33m404[0m 14.343 ms - 156[0m
[0mGET / [36m304[0m 20.614 ms - -[0m
[0mGET /js/home_post_comments.js [33m404[0m 19.716 ms - 163[0m
[0mGET /css/header.css [33m404[0m 21.454 ms - 153[0m
[0mGET /css/layout.css [33m404[0m 21.431 ms - 153[0m
[0mGET /css/home.css [33m404[0m 20.010 ms - 151[0m
[0mGET /css/footer.css [33m404[0m 18.440 ms - 153[0m
[0mGET /css/chat_box.css [33m404[0m 21.658 ms - 155[0m
[0mGET /js/home_posts.js [33m404[0m 20.508 ms - 155[0m
[0mGET /js/toggle_likes.js [33m404[0m 13.853 ms - 157[0m
[0mGET /js/chat_engine.js [33m404[0m 14.161 ms - 156[0m
[0mGET / [36m304[0m 65.495 ms - -[0m
[0mGET /js/home_post_comments.js [33m404[0m 10.808 ms - 163[0m
[0mGET /js/home_posts.js [33m404[0m 34.693 ms - 155[0m
[0mGET /js/toggle_likes.js [33m404[0m 19.612 ms - 157[0m
[0mGET /js/chat_engine.js [33m404[0m 36.271 ms - 156[0m
[0mGET /users/sign-out [36m302[0m 13.037 ms - 46[0m
[0mGET / [32m200[0m 33.709 ms - 5619[0m
[0mGET /js/home_post_comments.js [33m404[0m 13.048 ms - 163[0m
[0mGET /js/chat_engine.js [33m404[0m 12.212 ms - 156[0m
[0mGET /css/layout.css [33m404[0m 10.299 ms - 153[0m
[0mGET /css/header.css [33m404[0m 10.252 ms - 153[0m
[0mGET /css/home.css [33m404[0m 16.269 ms - 151[0m
[0mGET /css/footer.css [33m404[0m 11.217 ms - 153[0m
[0mGET /js/home_posts.js [33m404[0m 16.500 ms - 155[0m
[0mGET /css/chat_box.css [33m404[0m 19.570 ms - 155[0m
[0mGET /js/toggle_likes.js [33m404[0m 10.004 ms - 157[0m
[0mGET /js/home_posts.js [33m404[0m 3.940 ms - 155[0m
[0mGET /js/toggle_likes.js [33m404[0m 2.635 ms - 157[0m
[0mGET /js/chat_engine.js [33m404[0m 3.265 ms - 156[0m
[0mGET / [32m200[0m 29.656 ms - 5321[0m
[0mGET /js/toggle_likes.js [33m404[0m 2.653 ms - 157[0m
[0mGET /css/layout.css [33m404[0m 12.753 ms - 153[0m
[0mGET /css/header.css [33m404[0m 11.907 ms - 153[0m
[0mGET /css/footer.css [33m404[0m 13.234 ms - 153[0m
[0mGET /css/home.css [33m404[0m 15.389 ms - 151[0m
[0mGET /css/chat_box.css [33m404[0m 19.003 ms - 155[0m
[0mGET /js/home_post_comments.js [33m404[0m 8.093 ms - 163[0m
[0mGET /js/chat_engine.js [33m404[0m 5.803 ms - 156[0m
[0mGET /js/home_posts.js [33m404[0m 5.319 ms - 155[0m
[0mGET /js/toggle_likes.js [33m404[0m 2.984 ms - 157[0m
[0mGET /js/chat_engine.js [33m404[0m 2.148 ms - 156[0m
[0mGET / [36m304[0m 19.933 ms - -[0m
[0mGET /js/home_post_comments.js [33m404[0m 3.557 ms - 163[0m
[0mGET /css/layout.css [33m404[0m 11.804 ms - 153[0m
[0mGET /css/header.css [33m404[0m 11.562 ms - 153[0m
[0mGET /css/chat_box.css [33m404[0m 16.732 ms - 155[0m
[0mGET /css/footer.css [33m404[0m 11.754 ms - 153[0m
[0mGET /css/home.css [33m404[0m 11.685 ms - 151[0m
[0mGET /js/home_posts.js [33m404[0m 14.472 ms - 155[0m
[0mGET /js/toggle_likes.js [33m404[0m 5.354 ms - 157[0m
[0mGET /js/chat_engine.js [33m404[0m 7.025 ms - 156[0m
